<?xml version="1.0" encoding="UTF-8"?>
<!-- Generated by org.testng.reporters.JUnitReportReporter -->
<testsuite hostname="AP-fecIEGYddx3p" failures="0" tests="1" name="com.simplilearn.capstoneproject.testscripts.SignUpTestUser" time="4.908" errors="0" timestamp="2023-03-30T19:15:51 IST" skipped="0">
  <testcase classname="com.simplilearn.capstoneproject.testscripts.SignUpTestUser" name="signUpTestForUser" time="4.908"/>
  <system-out/>
</testsuite> <!-- com.simplilearn.capstoneproject.testscripts.SignUpTestUser -->
