<?xml version="1.0" encoding="UTF-8"?>
<!-- Generated by org.testng.reporters.JUnitReportReporter -->
<testsuite hostname="AP-fecIEGYddx3p" failures="0" tests="1" name="com.simplilearn.capstoneproject.testscripts.LoginSupplierTest" time="3.656" errors="0" timestamp="2023-04-03T19:40:45 IST" skipped="0">
  <testcase classname="com.simplilearn.capstoneproject.testscripts.LoginSupplierTest" name="loginTestSupplier" time="3.656"/>
  <system-out/>
</testsuite> <!-- com.simplilearn.capstoneproject.testscripts.LoginSupplierTest -->
