<?xml version="1.0" encoding="UTF-8"?>
<!-- Generated by org.testng.reporters.JUnitReportReporter -->
<testsuite hostname="AP-fecIEGYddx3p" failures="0" tests="1" name="com.simplilearn.capstoneproject.testscripts.SignUpUserTest" time="5.291" errors="0" timestamp="2023-04-03T19:39:53 IST" skipped="0">
  <testcase classname="com.simplilearn.capstoneproject.testscripts.SignUpUserTest" name="signUpTestForUser" time="5.291"/>
  <system-out/>
</testsuite> <!-- com.simplilearn.capstoneproject.testscripts.SignUpUserTest -->
