<?xml version="1.0" encoding="UTF-8"?>
<!-- Generated by org.testng.reporters.JUnitReportReporter -->
<testsuite hostname="AP-fecIEGYddx3p" failures="0" tests="1" name="com.simplilearn.capstoneproject.testscripts.AddProductToCartTest" time="13.391" errors="0" timestamp="2023-04-03T19:41:19 IST" skipped="0">
  <testcase classname="com.simplilearn.capstoneproject.testscripts.AddProductToCartTest" name="addProductCartTest" time="13.391"/>
  <system-out/>
</testsuite> <!-- com.simplilearn.capstoneproject.testscripts.AddProductToCartTest -->
