<?xml version="1.0" encoding="UTF-8"?>
<!-- Generated by org.testng.reporters.JUnitReportReporter -->
<testsuite hostname="AP-fecIEGYddx3p" failures="0" tests="1" name="com.simplilearn.capstoneproject.testscripts.LoginUserTest" time="3.676" errors="0" timestamp="2023-04-03T19:40:25 IST" skipped="0">
  <testcase classname="com.simplilearn.capstoneproject.testscripts.LoginUserTest" name="loginTestUser" time="3.676"/>
  <system-out/>
</testsuite> <!-- com.simplilearn.capstoneproject.testscripts.LoginUserTest -->
