<?xml version="1.0" encoding="UTF-8"?>
<!-- Generated by org.testng.reporters.JUnitReportReporter -->
<testsuite hostname="AP-fecIEGYddx3p" failures="0" tests="1" name="com.simplilearn.capstoneproject.testscripts.LoginTest" time="3.629" errors="0" timestamp="2023-03-31T19:02:18 IST" skipped="0">
  <testcase classname="com.simplilearn.capstoneproject.testscripts.LoginTest" name="loginTest" time="3.629"/>
  <system-out/>
</testsuite> <!-- com.simplilearn.capstoneproject.testscripts.LoginTest -->
