<?xml version="1.0" encoding="UTF-8"?>
<!-- Generated by org.testng.reporters.JUnitReportReporter -->
<testsuite hostname="AP-fecIEGYddx3p" failures="0" tests="1" name="com.simplilearn.capstoneproject.testscripts.SignUpSupplierTest" time="4.864" errors="0" timestamp="2023-04-03T19:40:08 IST" skipped="0">
  <testcase classname="com.simplilearn.capstoneproject.testscripts.SignUpSupplierTest" name="signUpTestForSupplier" time="4.864"/>
  <system-out/>
</testsuite> <!-- com.simplilearn.capstoneproject.testscripts.SignUpSupplierTest -->
